C:\CHEFTEAM\BUILD_TEMP\CHEFTEAM_VC10.STAMP
C:\CHEFTEAM\BUILD_TEMP\DEBUG_CHEFTEAM_VC10_X86\AABB.OBJ
C:\CHEFTEAM\BUILD_TEMP\DEBUG_CHEFTEAM_VC10_X86\APPDELEGATE.OBJ
C:\CHEFTEAM\BUILD_TEMP\DEBUG_CHEFTEAM_VC10_X86\AUTOFIT.OBJ
C:\CHEFTEAM\BUILD_TEMP\DEBUG_CHEFTEAM_VC10_X86\AUXILIAR.OBJ
C:\CHEFTEAM\BUILD_TEMP\DEBUG_CHEFTEAM_VC10_X86\B2BLOCKALLOCATOR.OBJ
C:\CHEFTEAM\BUILD_TEMP\DEBUG_CHEFTEAM_VC10_X86\B2BODY.OBJ
C:\CHEFTEAM\BUILD_TEMP\DEBUG_CHEFTEAM_VC10_X86\B2BROADPHASE.OBJ
C:\CHEFTEAM\BUILD_TEMP\DEBUG_CHEFTEAM_VC10_X86\B2CHAINANDCIRCLECONTACT.OBJ
C:\CHEFTEAM\BUILD_TEMP\DEBUG_CHEFTEAM_VC10_X86\B2CHAINANDPOLYGONCONTACT.OBJ
C:\CHEFTEAM\BUILD_TEMP\DEBUG_CHEFTEAM_VC10_X86\B2CHAINSHAPE.OBJ
C:\CHEFTEAM\BUILD_TEMP\DEBUG_CHEFTEAM_VC10_X86\B2CIRCLECONTACT.OBJ
C:\CHEFTEAM\BUILD_TEMP\DEBUG_CHEFTEAM_VC10_X86\B2CIRCLESHAPE.OBJ
C:\CHEFTEAM\BUILD_TEMP\DEBUG_CHEFTEAM_VC10_X86\B2COLLIDECIRCLE.OBJ
C:\CHEFTEAM\BUILD_TEMP\DEBUG_CHEFTEAM_VC10_X86\B2COLLIDEEDGE.OBJ
C:\CHEFTEAM\BUILD_TEMP\DEBUG_CHEFTEAM_VC10_X86\B2COLLIDEPOLYGON.OBJ
C:\CHEFTEAM\BUILD_TEMP\DEBUG_CHEFTEAM_VC10_X86\B2COLLISION.OBJ
C:\CHEFTEAM\BUILD_TEMP\DEBUG_CHEFTEAM_VC10_X86\B2CONTACT.OBJ
C:\CHEFTEAM\BUILD_TEMP\DEBUG_CHEFTEAM_VC10_X86\B2CONTACTMANAGER.OBJ
C:\CHEFTEAM\BUILD_TEMP\DEBUG_CHEFTEAM_VC10_X86\B2CONTACTSOLVER.OBJ
C:\CHEFTEAM\BUILD_TEMP\DEBUG_CHEFTEAM_VC10_X86\B2DISTANCE.OBJ
C:\CHEFTEAM\BUILD_TEMP\DEBUG_CHEFTEAM_VC10_X86\B2DISTANCEJOINT.OBJ
C:\CHEFTEAM\BUILD_TEMP\DEBUG_CHEFTEAM_VC10_X86\B2DRAW.OBJ
C:\CHEFTEAM\BUILD_TEMP\DEBUG_CHEFTEAM_VC10_X86\B2DYNAMICTREE.OBJ
C:\CHEFTEAM\BUILD_TEMP\DEBUG_CHEFTEAM_VC10_X86\B2EDGEANDCIRCLECONTACT.OBJ
C:\CHEFTEAM\BUILD_TEMP\DEBUG_CHEFTEAM_VC10_X86\B2EDGEANDPOLYGONCONTACT.OBJ
C:\CHEFTEAM\BUILD_TEMP\DEBUG_CHEFTEAM_VC10_X86\B2EDGESHAPE.OBJ
C:\CHEFTEAM\BUILD_TEMP\DEBUG_CHEFTEAM_VC10_X86\B2FIXTURE.OBJ
C:\CHEFTEAM\BUILD_TEMP\DEBUG_CHEFTEAM_VC10_X86\B2FRICTIONJOINT.OBJ
C:\CHEFTEAM\BUILD_TEMP\DEBUG_CHEFTEAM_VC10_X86\B2GEARJOINT.OBJ
C:\CHEFTEAM\BUILD_TEMP\DEBUG_CHEFTEAM_VC10_X86\B2ISLAND.OBJ
C:\CHEFTEAM\BUILD_TEMP\DEBUG_CHEFTEAM_VC10_X86\B2JOINT.OBJ
C:\CHEFTEAM\BUILD_TEMP\DEBUG_CHEFTEAM_VC10_X86\B2MATH.OBJ
C:\CHEFTEAM\BUILD_TEMP\DEBUG_CHEFTEAM_VC10_X86\B2MOUSEJOINT.OBJ
C:\CHEFTEAM\BUILD_TEMP\DEBUG_CHEFTEAM_VC10_X86\B2POLYGONANDCIRCLECONTACT.OBJ
C:\CHEFTEAM\BUILD_TEMP\DEBUG_CHEFTEAM_VC10_X86\B2POLYGONCONTACT.OBJ
C:\CHEFTEAM\BUILD_TEMP\DEBUG_CHEFTEAM_VC10_X86\B2POLYGONSHAPE.OBJ
C:\CHEFTEAM\BUILD_TEMP\DEBUG_CHEFTEAM_VC10_X86\B2PRISMATICJOINT.OBJ
C:\CHEFTEAM\BUILD_TEMP\DEBUG_CHEFTEAM_VC10_X86\B2PULLEYJOINT.OBJ
C:\CHEFTEAM\BUILD_TEMP\DEBUG_CHEFTEAM_VC10_X86\B2REVOLUTEJOINT.OBJ
C:\CHEFTEAM\BUILD_TEMP\DEBUG_CHEFTEAM_VC10_X86\B2ROPE.OBJ
C:\CHEFTEAM\BUILD_TEMP\DEBUG_CHEFTEAM_VC10_X86\B2ROPEJOINT.OBJ
C:\CHEFTEAM\BUILD_TEMP\DEBUG_CHEFTEAM_VC10_X86\B2SETTINGS.OBJ
C:\CHEFTEAM\BUILD_TEMP\DEBUG_CHEFTEAM_VC10_X86\B2STACKALLOCATOR.OBJ
C:\CHEFTEAM\BUILD_TEMP\DEBUG_CHEFTEAM_VC10_X86\B2TIMEOFIMPACT.OBJ
C:\CHEFTEAM\BUILD_TEMP\DEBUG_CHEFTEAM_VC10_X86\B2TIMER.OBJ
C:\CHEFTEAM\BUILD_TEMP\DEBUG_CHEFTEAM_VC10_X86\B2WELDJOINT.OBJ
C:\CHEFTEAM\BUILD_TEMP\DEBUG_CHEFTEAM_VC10_X86\B2WHEELJOINT.OBJ
C:\CHEFTEAM\BUILD_TEMP\DEBUG_CHEFTEAM_VC10_X86\B2WORLD.OBJ
C:\CHEFTEAM\BUILD_TEMP\DEBUG_CHEFTEAM_VC10_X86\B2WORLDCALLBACKS.OBJ
C:\CHEFTEAM\BUILD_TEMP\DEBUG_CHEFTEAM_VC10_X86\BASE64.OBJ
C:\CHEFTEAM\BUILD_TEMP\DEBUG_CHEFTEAM_VC10_X86\BDF.OBJ
C:\CHEFTEAM\BUILD_TEMP\DEBUG_CHEFTEAM_VC10_X86\BUFFER.OBJ
C:\CHEFTEAM\BUILD_TEMP\DEBUG_CHEFTEAM_VC10_X86\C14N.OBJ
C:\CHEFTEAM\BUILD_TEMP\DEBUG_CHEFTEAM_VC10_X86\CATALOG.OBJ
C:\CHEFTEAM\BUILD_TEMP\DEBUG_CHEFTEAM_VC10_X86\CCACCELEROMETER.OBJ
C:\CHEFTEAM\BUILD_TEMP\DEBUG_CHEFTEAM_VC10_X86\CCACTION.OBJ
C:\CHEFTEAM\BUILD_TEMP\DEBUG_CHEFTEAM_VC10_X86\CCACTIONCAMERA.OBJ
C:\CHEFTEAM\BUILD_TEMP\DEBUG_CHEFTEAM_VC10_X86\CCACTIONCATMULLROM.OBJ
C:\CHEFTEAM\BUILD_TEMP\DEBUG_CHEFTEAM_VC10_X86\CCACTIONEASE.OBJ
C:\CHEFTEAM\BUILD_TEMP\DEBUG_CHEFTEAM_VC10_X86\CCACTIONGRID.OBJ
C:\CHEFTEAM\BUILD_TEMP\DEBUG_CHEFTEAM_VC10_X86\CCACTIONGRID3D.OBJ
C:\CHEFTEAM\BUILD_TEMP\DEBUG_CHEFTEAM_VC10_X86\CCACTIONINSTANT.OBJ
C:\CHEFTEAM\BUILD_TEMP\DEBUG_CHEFTEAM_VC10_X86\CCACTIONINTERVAL.OBJ
C:\CHEFTEAM\BUILD_TEMP\DEBUG_CHEFTEAM_VC10_X86\CCACTIONMANAGER.OBJ
C:\CHEFTEAM\BUILD_TEMP\DEBUG_CHEFTEAM_VC10_X86\CCACTIONPAGETURN3D.OBJ
C:\CHEFTEAM\BUILD_TEMP\DEBUG_CHEFTEAM_VC10_X86\CCACTIONPROGRESSTIMER.OBJ
C:\CHEFTEAM\BUILD_TEMP\DEBUG_CHEFTEAM_VC10_X86\CCACTIONTILEDGRID.OBJ
C:\CHEFTEAM\BUILD_TEMP\DEBUG_CHEFTEAM_VC10_X86\CCACTIONTWEEN.OBJ
C:\CHEFTEAM\BUILD_TEMP\DEBUG_CHEFTEAM_VC10_X86\CCAFFINETRANSFORM.OBJ
C:\CHEFTEAM\BUILD_TEMP\DEBUG_CHEFTEAM_VC10_X86\CCANIMATION.OBJ
C:\CHEFTEAM\BUILD_TEMP\DEBUG_CHEFTEAM_VC10_X86\CCANIMATIONCACHE.OBJ
C:\CHEFTEAM\BUILD_TEMP\DEBUG_CHEFTEAM_VC10_X86\CCAPPLICATION.OBJ
C:\CHEFTEAM\BUILD_TEMP\DEBUG_CHEFTEAM_VC10_X86\CCARRAY.OBJ
C:\CHEFTEAM\BUILD_TEMP\DEBUG_CHEFTEAM_VC10_X86\CCATLASNODE.OBJ
C:\CHEFTEAM\BUILD_TEMP\DEBUG_CHEFTEAM_VC10_X86\CCAUTORELEASEPOOL.OBJ
C:\CHEFTEAM\BUILD_TEMP\DEBUG_CHEFTEAM_VC10_X86\CCCAMERA.OBJ
C:\CHEFTEAM\BUILD_TEMP\DEBUG_CHEFTEAM_VC10_X86\CCCARRAY.OBJ
C:\CHEFTEAM\BUILD_TEMP\DEBUG_CHEFTEAM_VC10_X86\CCCLIPPINGNODE.OBJ
C:\CHEFTEAM\BUILD_TEMP\DEBUG_CHEFTEAM_VC10_X86\CCCOMMON.OBJ
C:\CHEFTEAM\BUILD_TEMP\DEBUG_CHEFTEAM_VC10_X86\CCCONFIGURATION.OBJ
C:\CHEFTEAM\BUILD_TEMP\DEBUG_CHEFTEAM_VC10_X86\CCDICTIONARY.OBJ
C:\CHEFTEAM\BUILD_TEMP\DEBUG_CHEFTEAM_VC10_X86\CCDIRECTOR.OBJ
C:\CHEFTEAM\BUILD_TEMP\DEBUG_CHEFTEAM_VC10_X86\CCDRAWINGPRIMITIVES.OBJ
C:\CHEFTEAM\BUILD_TEMP\DEBUG_CHEFTEAM_VC10_X86\CCDRAWNODE.OBJ
C:\CHEFTEAM\BUILD_TEMP\DEBUG_CHEFTEAM_VC10_X86\CCEGLVIEW.OBJ
C:\CHEFTEAM\BUILD_TEMP\DEBUG_CHEFTEAM_VC10_X86\CCEGLVIEWPROTOCOL.OBJ
C:\CHEFTEAM\BUILD_TEMP\DEBUG_CHEFTEAM_VC10_X86\CCFILEUTILS.OBJ
C:\CHEFTEAM\BUILD_TEMP\DEBUG_CHEFTEAM_VC10_X86\CCGEOMETRY.OBJ
C:\CHEFTEAM\BUILD_TEMP\DEBUG_CHEFTEAM_VC10_X86\CCGLPROGRAM.OBJ
C:\CHEFTEAM\BUILD_TEMP\DEBUG_CHEFTEAM_VC10_X86\CCGLSTATECACHE.OBJ
C:\CHEFTEAM\BUILD_TEMP\DEBUG_CHEFTEAM_VC10_X86\CCGRABBER.OBJ
C:\CHEFTEAM\BUILD_TEMP\DEBUG_CHEFTEAM_VC10_X86\CCGRID.OBJ
C:\CHEFTEAM\BUILD_TEMP\DEBUG_CHEFTEAM_VC10_X86\CCIMAGE.OBJ
C:\CHEFTEAM\BUILD_TEMP\DEBUG_CHEFTEAM_VC10_X86\CCIMEDISPATCHER.OBJ
C:\CHEFTEAM\BUILD_TEMP\DEBUG_CHEFTEAM_VC10_X86\CCKEYPADDELEGATE.OBJ
C:\CHEFTEAM\BUILD_TEMP\DEBUG_CHEFTEAM_VC10_X86\CCKEYPADDISPATCHER.OBJ
C:\CHEFTEAM\BUILD_TEMP\DEBUG_CHEFTEAM_VC10_X86\CCLABELATLAS.OBJ
C:\CHEFTEAM\BUILD_TEMP\DEBUG_CHEFTEAM_VC10_X86\CCLABELBMFONT.OBJ
C:\CHEFTEAM\BUILD_TEMP\DEBUG_CHEFTEAM_VC10_X86\CCLABELTTF.OBJ
C:\CHEFTEAM\BUILD_TEMP\DEBUG_CHEFTEAM_VC10_X86\CCLAYER.OBJ
C:\CHEFTEAM\BUILD_TEMP\DEBUG_CHEFTEAM_VC10_X86\CCMENU.OBJ
C:\CHEFTEAM\BUILD_TEMP\DEBUG_CHEFTEAM_VC10_X86\CCMENUITEM.OBJ
C:\CHEFTEAM\BUILD_TEMP\DEBUG_CHEFTEAM_VC10_X86\CCMOTIONSTREAK.OBJ
C:\CHEFTEAM\BUILD_TEMP\DEBUG_CHEFTEAM_VC10_X86\CCNODE.OBJ
C:\CHEFTEAM\BUILD_TEMP\DEBUG_CHEFTEAM_VC10_X86\CCNOTIFICATIONCENTER.OBJ
C:\CHEFTEAM\BUILD_TEMP\DEBUG_CHEFTEAM_VC10_X86\CCNS.OBJ
C:\CHEFTEAM\BUILD_TEMP\DEBUG_CHEFTEAM_VC10_X86\CCOBJECT.OBJ
C:\CHEFTEAM\BUILD_TEMP\DEBUG_CHEFTEAM_VC10_X86\CCPARALLAXNODE.OBJ
C:\CHEFTEAM\BUILD_TEMP\DEBUG_CHEFTEAM_VC10_X86\CCPARTICLEBATCHNODE.OBJ
C:\CHEFTEAM\BUILD_TEMP\DEBUG_CHEFTEAM_VC10_X86\CCPARTICLEEXAMPLES.OBJ
C:\CHEFTEAM\BUILD_TEMP\DEBUG_CHEFTEAM_VC10_X86\CCPARTICLESYSTEM.OBJ
C:\CHEFTEAM\BUILD_TEMP\DEBUG_CHEFTEAM_VC10_X86\CCPARTICLESYSTEMQUAD.OBJ
C:\CHEFTEAM\BUILD_TEMP\DEBUG_CHEFTEAM_VC10_X86\CCPOINTEXTENSION.OBJ
C:\CHEFTEAM\BUILD_TEMP\DEBUG_CHEFTEAM_VC10_X86\CCPROFILING.OBJ
C:\CHEFTEAM\BUILD_TEMP\DEBUG_CHEFTEAM_VC10_X86\CCPROGRESSTIMER.OBJ
C:\CHEFTEAM\BUILD_TEMP\DEBUG_CHEFTEAM_VC10_X86\CCRENDERTEXTURE.OBJ
C:\CHEFTEAM\BUILD_TEMP\DEBUG_CHEFTEAM_VC10_X86\CCSAXPARSER.OBJ
C:\CHEFTEAM\BUILD_TEMP\DEBUG_CHEFTEAM_VC10_X86\CCSCENE.OBJ
C:\CHEFTEAM\BUILD_TEMP\DEBUG_CHEFTEAM_VC10_X86\CCSCHEDULER.OBJ
C:\CHEFTEAM\BUILD_TEMP\DEBUG_CHEFTEAM_VC10_X86\CCSCRIPTSUPPORT.OBJ
C:\CHEFTEAM\BUILD_TEMP\DEBUG_CHEFTEAM_VC10_X86\CCSET.OBJ
C:\CHEFTEAM\BUILD_TEMP\DEBUG_CHEFTEAM_VC10_X86\CCSHADERCACHE.OBJ
C:\CHEFTEAM\BUILD_TEMP\DEBUG_CHEFTEAM_VC10_X86\CCSHADERS.OBJ
C:\CHEFTEAM\BUILD_TEMP\DEBUG_CHEFTEAM_VC10_X86\CCSPRITE.OBJ
C:\CHEFTEAM\BUILD_TEMP\DEBUG_CHEFTEAM_VC10_X86\CCSPRITEBATCHNODE.OBJ
C:\CHEFTEAM\BUILD_TEMP\DEBUG_CHEFTEAM_VC10_X86\CCSPRITEFRAME.OBJ
C:\CHEFTEAM\BUILD_TEMP\DEBUG_CHEFTEAM_VC10_X86\CCSPRITEFRAMECACHE.OBJ
C:\CHEFTEAM\BUILD_TEMP\DEBUG_CHEFTEAM_VC10_X86\CCSTRING.OBJ
C:\CHEFTEAM\BUILD_TEMP\DEBUG_CHEFTEAM_VC10_X86\CCTEXTFIELDTTF.OBJ
C:\CHEFTEAM\BUILD_TEMP\DEBUG_CHEFTEAM_VC10_X86\CCTEXTURE2D.OBJ
C:\CHEFTEAM\BUILD_TEMP\DEBUG_CHEFTEAM_VC10_X86\CCTEXTUREATLAS.OBJ
C:\CHEFTEAM\BUILD_TEMP\DEBUG_CHEFTEAM_VC10_X86\CCTEXTURECACHE.OBJ
C:\CHEFTEAM\BUILD_TEMP\DEBUG_CHEFTEAM_VC10_X86\CCTEXTUREPVR.OBJ
C:\CHEFTEAM\BUILD_TEMP\DEBUG_CHEFTEAM_VC10_X86\CCTHREAD.OBJ
C:\CHEFTEAM\BUILD_TEMP\DEBUG_CHEFTEAM_VC10_X86\CCTILEMAPATLAS.OBJ
C:\CHEFTEAM\BUILD_TEMP\DEBUG_CHEFTEAM_VC10_X86\CCTMXLAYER.OBJ
C:\CHEFTEAM\BUILD_TEMP\DEBUG_CHEFTEAM_VC10_X86\CCTMXOBJECTGROUP.OBJ
C:\CHEFTEAM\BUILD_TEMP\DEBUG_CHEFTEAM_VC10_X86\CCTMXTILEDMAP.OBJ
C:\CHEFTEAM\BUILD_TEMP\DEBUG_CHEFTEAM_VC10_X86\CCTMXXMLPARSER.OBJ
C:\CHEFTEAM\BUILD_TEMP\DEBUG_CHEFTEAM_VC10_X86\CCTOUCH.OBJ
C:\CHEFTEAM\BUILD_TEMP\DEBUG_CHEFTEAM_VC10_X86\CCTOUCHDISPATCHER.OBJ
C:\CHEFTEAM\BUILD_TEMP\DEBUG_CHEFTEAM_VC10_X86\CCTOUCHHANDLER.OBJ
C:\CHEFTEAM\BUILD_TEMP\DEBUG_CHEFTEAM_VC10_X86\CCTRANSITION.OBJ
C:\CHEFTEAM\BUILD_TEMP\DEBUG_CHEFTEAM_VC10_X86\CCTRANSITIONPAGETURN.OBJ
C:\CHEFTEAM\BUILD_TEMP\DEBUG_CHEFTEAM_VC10_X86\CCTRANSITIONPROGRESS.OBJ
C:\CHEFTEAM\BUILD_TEMP\DEBUG_CHEFTEAM_VC10_X86\CCUSERDEFAULT.OBJ
C:\CHEFTEAM\BUILD_TEMP\DEBUG_CHEFTEAM_VC10_X86\CCUTILS.OBJ
C:\CHEFTEAM\BUILD_TEMP\DEBUG_CHEFTEAM_VC10_X86\CCVERTEX.OBJ
C:\CHEFTEAM\BUILD_TEMP\DEBUG_CHEFTEAM_VC10_X86\CCZONE.OBJ
C:\CHEFTEAM\BUILD_TEMP\DEBUG_CHEFTEAM_VC10_X86\CFF.OBJ
c:\ChefTeam\build_temp\Debug_ChefTeam_vc10_x86\ChefTeam.exp
C:\CHEFTEAM\BUILD_TEMP\DEBUG_CHEFTEAM_VC10_X86\CHEFTEAM.ILK
c:\ChefTeam\build_temp\Debug_ChefTeam_vc10_x86\ChefTeam.lib
C:\CHEFTEAM\BUILD_TEMP\DEBUG_CHEFTEAM_VC10_X86\CHEFTEAM.PDB
C:\CHEFTEAM\BUILD_TEMP\DEBUG_CHEFTEAM_VC10_X86\CHEFTEAM.S86
c:\ChefTeam\build_temp\Debug_ChefTeam_vc10_x86\ChefTeam_vc10.vcxprojResolveAssemblyReference.cache
c:\ChefTeam\build_temp\Debug_ChefTeam_vc10_x86\ChefTeam_vc10.write.1.tlog
C:\CHEFTEAM\BUILD_TEMP\DEBUG_CHEFTEAM_VC10_X86\CHVALID.OBJ
c:\ChefTeam\build_temp\Debug_ChefTeam_vc10_x86\CL.7716.1892.read.1.tlog
c:\ChefTeam\build_temp\Debug_ChefTeam_vc10_x86\CL.7716.1892.write.1.tlog
c:\ChefTeam\build_temp\Debug_ChefTeam_vc10_x86\CL.7716.5892.read.1.tlog
c:\ChefTeam\build_temp\Debug_ChefTeam_vc10_x86\CL.7716.5892.write.1.tlog
c:\ChefTeam\build_temp\Debug_ChefTeam_vc10_x86\CL.7716.7096.read.1.tlog
c:\ChefTeam\build_temp\Debug_ChefTeam_vc10_x86\CL.7716.7096.write.1.tlog
c:\ChefTeam\build_temp\Debug_ChefTeam_vc10_x86\CL.7716.7844.read.1.tlog
c:\ChefTeam\build_temp\Debug_ChefTeam_vc10_x86\CL.7716.7844.write.1.tlog
c:\ChefTeam\build_temp\Debug_ChefTeam_vc10_x86\CL.7716.read.1.tlog
c:\ChefTeam\build_temp\Debug_ChefTeam_vc10_x86\CL.8348.6652.read.1.tlog
c:\ChefTeam\build_temp\Debug_ChefTeam_vc10_x86\CL.8348.6652.write.1.tlog
c:\ChefTeam\build_temp\Debug_ChefTeam_vc10_x86\CL.8348.6944.read.1.tlog
c:\ChefTeam\build_temp\Debug_ChefTeam_vc10_x86\CL.8348.6944.write.1.tlog
c:\ChefTeam\build_temp\Debug_ChefTeam_vc10_x86\CL.8348.7552.read.1.tlog
c:\ChefTeam\build_temp\Debug_ChefTeam_vc10_x86\CL.8348.7552.write.1.tlog
c:\ChefTeam\build_temp\Debug_ChefTeam_vc10_x86\CL.8348.9744.read.1.tlog
c:\ChefTeam\build_temp\Debug_ChefTeam_vc10_x86\CL.8348.9744.write.1.tlog
c:\ChefTeam\build_temp\Debug_ChefTeam_vc10_x86\CL.8348.read.1.tlog
c:\ChefTeam\build_temp\Debug_ChefTeam_vc10_x86\cl.command.1.tlog
c:\ChefTeam\build_temp\Debug_ChefTeam_vc10_x86\CL.read.1.tlog
c:\ChefTeam\build_temp\Debug_ChefTeam_vc10_x86\CL.write.1.tlog
C:\CHEFTEAM\BUILD_TEMP\DEBUG_CHEFTEAM_VC10_X86\COCOS2D.OBJ
c:\ChefTeam\build_temp\Debug_ChefTeam_vc10_x86\custombuild.command.1.tlog
c:\ChefTeam\build_temp\Debug_ChefTeam_vc10_x86\custombuild.read.1.tlog
c:\ChefTeam\build_temp\Debug_ChefTeam_vc10_x86\custombuild.write.1.tlog
C:\CHEFTEAM\BUILD_TEMP\DEBUG_CHEFTEAM_VC10_X86\DEBUGXML.OBJ
C:\CHEFTEAM\BUILD_TEMP\DEBUG_CHEFTEAM_VC10_X86\DICT.OBJ
C:\CHEFTEAM\BUILD_TEMP\DEBUG_CHEFTEAM_VC10_X86\DOCBPARSER.OBJ
C:\CHEFTEAM\BUILD_TEMP\DEBUG_CHEFTEAM_VC10_X86\ENCODING.OBJ
C:\CHEFTEAM\BUILD_TEMP\DEBUG_CHEFTEAM_VC10_X86\ENTITIES.OBJ
C:\CHEFTEAM\BUILD_TEMP\DEBUG_CHEFTEAM_VC10_X86\ERROR.OBJ
C:\CHEFTEAM\BUILD_TEMP\DEBUG_CHEFTEAM_VC10_X86\EXCEPT.OBJ
C:\CHEFTEAM\BUILD_TEMP\DEBUG_CHEFTEAM_VC10_X86\FTBASE.OBJ
C:\CHEFTEAM\BUILD_TEMP\DEBUG_CHEFTEAM_VC10_X86\FTBBOX.OBJ
C:\CHEFTEAM\BUILD_TEMP\DEBUG_CHEFTEAM_VC10_X86\FTBDF.OBJ
C:\CHEFTEAM\BUILD_TEMP\DEBUG_CHEFTEAM_VC10_X86\FTBITMAP.OBJ
C:\CHEFTEAM\BUILD_TEMP\DEBUG_CHEFTEAM_VC10_X86\FTCACHE.OBJ
C:\CHEFTEAM\BUILD_TEMP\DEBUG_CHEFTEAM_VC10_X86\FTCID.OBJ
C:\CHEFTEAM\BUILD_TEMP\DEBUG_CHEFTEAM_VC10_X86\FTFSTYPE.OBJ
C:\CHEFTEAM\BUILD_TEMP\DEBUG_CHEFTEAM_VC10_X86\FTGASP.OBJ
C:\CHEFTEAM\BUILD_TEMP\DEBUG_CHEFTEAM_VC10_X86\FTGLYPH.OBJ
C:\CHEFTEAM\BUILD_TEMP\DEBUG_CHEFTEAM_VC10_X86\FTGXVAL.OBJ
C:\CHEFTEAM\BUILD_TEMP\DEBUG_CHEFTEAM_VC10_X86\FTGZIP.OBJ
C:\CHEFTEAM\BUILD_TEMP\DEBUG_CHEFTEAM_VC10_X86\FTINIT.OBJ
C:\CHEFTEAM\BUILD_TEMP\DEBUG_CHEFTEAM_VC10_X86\FTLCDFIL.OBJ
C:\CHEFTEAM\BUILD_TEMP\DEBUG_CHEFTEAM_VC10_X86\FTLZW.OBJ
C:\CHEFTEAM\BUILD_TEMP\DEBUG_CHEFTEAM_VC10_X86\FTMM.OBJ
C:\CHEFTEAM\BUILD_TEMP\DEBUG_CHEFTEAM_VC10_X86\FTOTVAL.OBJ
C:\CHEFTEAM\BUILD_TEMP\DEBUG_CHEFTEAM_VC10_X86\FTPATENT.OBJ
C:\CHEFTEAM\BUILD_TEMP\DEBUG_CHEFTEAM_VC10_X86\FTPFR.OBJ
C:\CHEFTEAM\BUILD_TEMP\DEBUG_CHEFTEAM_VC10_X86\FTSTROKE.OBJ
C:\CHEFTEAM\BUILD_TEMP\DEBUG_CHEFTEAM_VC10_X86\FTSYNTH.OBJ
C:\CHEFTEAM\BUILD_TEMP\DEBUG_CHEFTEAM_VC10_X86\FTSYSTEM.OBJ
C:\CHEFTEAM\BUILD_TEMP\DEBUG_CHEFTEAM_VC10_X86\FTTYPE1.OBJ
C:\CHEFTEAM\BUILD_TEMP\DEBUG_CHEFTEAM_VC10_X86\FTWINFNT.OBJ
C:\CHEFTEAM\BUILD_TEMP\DEBUG_CHEFTEAM_VC10_X86\GLOBALS.OBJ
C:\CHEFTEAM\BUILD_TEMP\DEBUG_CHEFTEAM_VC10_X86\HASH.OBJ
C:\CHEFTEAM\BUILD_TEMP\DEBUG_CHEFTEAM_VC10_X86\HTMLPARSER.OBJ
C:\CHEFTEAM\BUILD_TEMP\DEBUG_CHEFTEAM_VC10_X86\HTMLTREE.OBJ
C:\CHEFTEAM\BUILD_TEMP\DEBUG_CHEFTEAM_VC10_X86\INET_LUASOCKET.OBJ
C:\CHEFTEAM\BUILD_TEMP\DEBUG_CHEFTEAM_VC10_X86\IO_LUASOCKET.OBJ
C:\CHEFTEAM\BUILD_TEMP\DEBUG_CHEFTEAM_VC10_X86\IOAPI.OBJ
C:\CHEFTEAM\BUILD_TEMP\DEBUG_CHEFTEAM_VC10_X86\IWBILLING.OBJ
C:\CHEFTEAM\BUILD_TEMP\DEBUG_CHEFTEAM_VC10_X86\IWBILLING_WP8.OBJ
C:\CHEFTEAM\BUILD_TEMP\DEBUG_CHEFTEAM_VC10_X86\LAPI.OBJ
C:\CHEFTEAM\BUILD_TEMP\DEBUG_CHEFTEAM_VC10_X86\LAUXLIB.OBJ
C:\CHEFTEAM\BUILD_TEMP\DEBUG_CHEFTEAM_VC10_X86\LBASELIB.OBJ
C:\CHEFTEAM\BUILD_TEMP\DEBUG_CHEFTEAM_VC10_X86\LCODE.OBJ
C:\CHEFTEAM\BUILD_TEMP\DEBUG_CHEFTEAM_VC10_X86\LDBLIB.OBJ
C:\CHEFTEAM\BUILD_TEMP\DEBUG_CHEFTEAM_VC10_X86\LDEBUG.OBJ
C:\CHEFTEAM\BUILD_TEMP\DEBUG_CHEFTEAM_VC10_X86\LDO.OBJ
C:\CHEFTEAM\BUILD_TEMP\DEBUG_CHEFTEAM_VC10_X86\LDUMP.OBJ
C:\CHEFTEAM\BUILD_TEMP\DEBUG_CHEFTEAM_VC10_X86\LEGACY.OBJ
C:\CHEFTEAM\BUILD_TEMP\DEBUG_CHEFTEAM_VC10_X86\LFUNC.OBJ
C:\CHEFTEAM\BUILD_TEMP\DEBUG_CHEFTEAM_VC10_X86\LGC.OBJ
C:\CHEFTEAM\BUILD_TEMP\DEBUG_CHEFTEAM_VC10_X86\LINIT.OBJ
c:\ChefTeam\build_temp\Debug_ChefTeam_vc10_x86\link.9948.read.1.tlog
c:\ChefTeam\build_temp\Debug_ChefTeam_vc10_x86\link.9948.write.1.tlog
c:\ChefTeam\build_temp\Debug_ChefTeam_vc10_x86\link.command.1.tlog
c:\ChefTeam\build_temp\Debug_ChefTeam_vc10_x86\link.read.1.tlog
C:\CHEFTEAM\BUILD_TEMP\DEBUG_CHEFTEAM_VC10_X86\LIOLIB.OBJ
C:\CHEFTEAM\BUILD_TEMP\DEBUG_CHEFTEAM_VC10_X86\LIST.OBJ
C:\CHEFTEAM\BUILD_TEMP\DEBUG_CHEFTEAM_VC10_X86\LLEX.OBJ
C:\CHEFTEAM\BUILD_TEMP\DEBUG_CHEFTEAM_VC10_X86\LMATHLIB.OBJ
C:\CHEFTEAM\BUILD_TEMP\DEBUG_CHEFTEAM_VC10_X86\LMEM.OBJ
C:\CHEFTEAM\BUILD_TEMP\DEBUG_CHEFTEAM_VC10_X86\LOADLIB.OBJ
C:\CHEFTEAM\BUILD_TEMP\DEBUG_CHEFTEAM_VC10_X86\LOBJECT.OBJ
C:\CHEFTEAM\BUILD_TEMP\DEBUG_CHEFTEAM_VC10_X86\LOPCODES.OBJ
C:\CHEFTEAM\BUILD_TEMP\DEBUG_CHEFTEAM_VC10_X86\LOSLIB.OBJ
C:\CHEFTEAM\BUILD_TEMP\DEBUG_CHEFTEAM_VC10_X86\LPARSER.OBJ
C:\CHEFTEAM\BUILD_TEMP\DEBUG_CHEFTEAM_VC10_X86\LSQLITE3.OBJ
C:\CHEFTEAM\BUILD_TEMP\DEBUG_CHEFTEAM_VC10_X86\LSTATE.OBJ
C:\CHEFTEAM\BUILD_TEMP\DEBUG_CHEFTEAM_VC10_X86\LSTRING.OBJ
C:\CHEFTEAM\BUILD_TEMP\DEBUG_CHEFTEAM_VC10_X86\LSTRLIB.OBJ
C:\CHEFTEAM\BUILD_TEMP\DEBUG_CHEFTEAM_VC10_X86\LTABLE.OBJ
C:\CHEFTEAM\BUILD_TEMP\DEBUG_CHEFTEAM_VC10_X86\LTABLIB.OBJ
C:\CHEFTEAM\BUILD_TEMP\DEBUG_CHEFTEAM_VC10_X86\LTM.OBJ
C:\CHEFTEAM\BUILD_TEMP\DEBUG_CHEFTEAM_VC10_X86\LUA.OBJ
C:\CHEFTEAM\BUILD_TEMP\DEBUG_CHEFTEAM_VC10_X86\LUASOCKET.OBJ
C:\CHEFTEAM\BUILD_TEMP\DEBUG_CHEFTEAM_VC10_X86\LUNDUMP.OBJ
C:\CHEFTEAM\BUILD_TEMP\DEBUG_CHEFTEAM_VC10_X86\LVM.OBJ
C:\CHEFTEAM\BUILD_TEMP\DEBUG_CHEFTEAM_VC10_X86\LZIO.OBJ
C:\CHEFTEAM\BUILD_TEMP\DEBUG_CHEFTEAM_VC10_X86\MAT3.OBJ
C:\CHEFTEAM\BUILD_TEMP\DEBUG_CHEFTEAM_VC10_X86\MAT4.OBJ
C:\CHEFTEAM\BUILD_TEMP\DEBUG_CHEFTEAM_VC10_X86\MAT4STACK.OBJ
C:\CHEFTEAM\BUILD_TEMP\DEBUG_CHEFTEAM_VC10_X86\MATRIX.OBJ
C:\CHEFTEAM\BUILD_TEMP\DEBUG_CHEFTEAM_VC10_X86\MIME.OBJ
C:\CHEFTEAM\BUILD_TEMP\DEBUG_CHEFTEAM_VC10_X86\NANOFTP.OBJ
C:\CHEFTEAM\BUILD_TEMP\DEBUG_CHEFTEAM_VC10_X86\NANOHTTP.OBJ
C:\CHEFTEAM\BUILD_TEMP\DEBUG_CHEFTEAM_VC10_X86\NEON_MATRIX_IMPL.OBJ
C:\CHEFTEAM\BUILD_TEMP\DEBUG_CHEFTEAM_VC10_X86\OPENQUICK_TOLUA.OBJ
C:\CHEFTEAM\BUILD_TEMP\DEBUG_CHEFTEAM_VC10_X86\OPTIONS.OBJ
C:\CHEFTEAM\BUILD_TEMP\DEBUG_CHEFTEAM_VC10_X86\PARSER.OBJ
C:\CHEFTEAM\BUILD_TEMP\DEBUG_CHEFTEAM_VC10_X86\PARSERINTERNALS.OBJ
C:\CHEFTEAM\BUILD_TEMP\DEBUG_CHEFTEAM_VC10_X86\PATTERN.OBJ
C:\CHEFTEAM\BUILD_TEMP\DEBUG_CHEFTEAM_VC10_X86\PCF.OBJ
C:\CHEFTEAM\BUILD_TEMP\DEBUG_CHEFTEAM_VC10_X86\PFR.OBJ
C:\CHEFTEAM\BUILD_TEMP\DEBUG_CHEFTEAM_VC10_X86\PLANE.OBJ
C:\CHEFTEAM\BUILD_TEMP\DEBUG_CHEFTEAM_VC10_X86\PLATFORM.OBJ
C:\CHEFTEAM\BUILD_TEMP\DEBUG_CHEFTEAM_VC10_X86\PRINT.OBJ
C:\CHEFTEAM\BUILD_TEMP\DEBUG_CHEFTEAM_VC10_X86\PSAUX.OBJ
C:\CHEFTEAM\BUILD_TEMP\DEBUG_CHEFTEAM_VC10_X86\PSHINTER.OBJ
C:\CHEFTEAM\BUILD_TEMP\DEBUG_CHEFTEAM_VC10_X86\PSMODULE.OBJ
C:\CHEFTEAM\BUILD_TEMP\DEBUG_CHEFTEAM_VC10_X86\QANALYTICS.OBJ
C:\CHEFTEAM\BUILD_TEMP\DEBUG_CHEFTEAM_VC10_X86\QANIMATE.OBJ
C:\CHEFTEAM\BUILD_TEMP\DEBUG_CHEFTEAM_VC10_X86\QANIMATION.OBJ
C:\CHEFTEAM\BUILD_TEMP\DEBUG_CHEFTEAM_VC10_X86\QATLAS.OBJ
C:\CHEFTEAM\BUILD_TEMP\DEBUG_CHEFTEAM_VC10_X86\QAUDIO.OBJ
C:\CHEFTEAM\BUILD_TEMP\DEBUG_CHEFTEAM_VC10_X86\QBASE.OBJ
C:\CHEFTEAM\BUILD_TEMP\DEBUG_CHEFTEAM_VC10_X86\QBILLING.OBJ
C:\CHEFTEAM\BUILD_TEMP\DEBUG_CHEFTEAM_VC10_X86\QBROWSER.OBJ
C:\CHEFTEAM\BUILD_TEMP\DEBUG_CHEFTEAM_VC10_X86\QCIRCLE.OBJ
C:\CHEFTEAM\BUILD_TEMP\DEBUG_CHEFTEAM_VC10_X86\QCOLOR.OBJ
C:\CHEFTEAM\BUILD_TEMP\DEBUG_CHEFTEAM_VC10_X86\QCOMPASS.OBJ
C:\CHEFTEAM\BUILD_TEMP\DEBUG_CHEFTEAM_VC10_X86\QCRYPTO.OBJ
C:\CHEFTEAM\BUILD_TEMP\DEBUG_CHEFTEAM_VC10_X86\QDEVICE.OBJ
C:\CHEFTEAM\BUILD_TEMP\DEBUG_CHEFTEAM_VC10_X86\QDIRECTOR.OBJ
C:\CHEFTEAM\BUILD_TEMP\DEBUG_CHEFTEAM_VC10_X86\QFACEBOOK.OBJ
C:\CHEFTEAM\BUILD_TEMP\DEBUG_CHEFTEAM_VC10_X86\QFONT.OBJ
C:\CHEFTEAM\BUILD_TEMP\DEBUG_CHEFTEAM_VC10_X86\QLABEL.OBJ
C:\CHEFTEAM\BUILD_TEMP\DEBUG_CHEFTEAM_VC10_X86\QLINES.OBJ
C:\CHEFTEAM\BUILD_TEMP\DEBUG_CHEFTEAM_VC10_X86\QLOCATION.OBJ
C:\CHEFTEAM\BUILD_TEMP\DEBUG_CHEFTEAM_VC10_X86\QLSQLITE3.OBJ
C:\CHEFTEAM\BUILD_TEMP\DEBUG_CHEFTEAM_VC10_X86\QLUAHELPERS.OBJ
C:\CHEFTEAM\BUILD_TEMP\DEBUG_CHEFTEAM_VC10_X86\QLUASOCKET.OBJ
C:\CHEFTEAM\BUILD_TEMP\DEBUG_CHEFTEAM_VC10_X86\QMAIN.OBJ
C:\CHEFTEAM\BUILD_TEMP\DEBUG_CHEFTEAM_VC10_X86\QNODE.OBJ
C:\CHEFTEAM\BUILD_TEMP\DEBUG_CHEFTEAM_VC10_X86\QNUI.OBJ
C:\CHEFTEAM\BUILD_TEMP\DEBUG_CHEFTEAM_VC10_X86\QPARTICLES.OBJ
C:\CHEFTEAM\BUILD_TEMP\DEBUG_CHEFTEAM_VC10_X86\QPHYSICS.OBJ
C:\CHEFTEAM\BUILD_TEMP\DEBUG_CHEFTEAM_VC10_X86\QPHYSICSCONTACT.OBJ
C:\CHEFTEAM\BUILD_TEMP\DEBUG_CHEFTEAM_VC10_X86\QPHYSICSCONTACTLISTENER.OBJ
C:\CHEFTEAM\BUILD_TEMP\DEBUG_CHEFTEAM_VC10_X86\QPHYSICSJOINT.OBJ
C:\CHEFTEAM\BUILD_TEMP\DEBUG_CHEFTEAM_VC10_X86\QPHYSICSJOINTDISTANCE.OBJ
C:\CHEFTEAM\BUILD_TEMP\DEBUG_CHEFTEAM_VC10_X86\QPHYSICSJOINTFRICTION.OBJ
C:\CHEFTEAM\BUILD_TEMP\DEBUG_CHEFTEAM_VC10_X86\QPHYSICSJOINTGEAR.OBJ
C:\CHEFTEAM\BUILD_TEMP\DEBUG_CHEFTEAM_VC10_X86\QPHYSICSJOINTPRISMATIC.OBJ
C:\CHEFTEAM\BUILD_TEMP\DEBUG_CHEFTEAM_VC10_X86\QPHYSICSJOINTPULLEY.OBJ
C:\CHEFTEAM\BUILD_TEMP\DEBUG_CHEFTEAM_VC10_X86\QPHYSICSJOINTREVOLUTE.OBJ
C:\CHEFTEAM\BUILD_TEMP\DEBUG_CHEFTEAM_VC10_X86\QPHYSICSJOINTROPE.OBJ
C:\CHEFTEAM\BUILD_TEMP\DEBUG_CHEFTEAM_VC10_X86\QPHYSICSJOINTTOUCH.OBJ
C:\CHEFTEAM\BUILD_TEMP\DEBUG_CHEFTEAM_VC10_X86\QPHYSICSJOINTWELD.OBJ
C:\CHEFTEAM\BUILD_TEMP\DEBUG_CHEFTEAM_VC10_X86\QPHYSICSJOINTWHEEL.OBJ
C:\CHEFTEAM\BUILD_TEMP\DEBUG_CHEFTEAM_VC10_X86\QPHYSICSNODEPROPS.OBJ
C:\CHEFTEAM\BUILD_TEMP\DEBUG_CHEFTEAM_VC10_X86\QRECTANGLE.OBJ
C:\CHEFTEAM\BUILD_TEMP\DEBUG_CHEFTEAM_VC10_X86\QSCENE.OBJ
C:\CHEFTEAM\BUILD_TEMP\DEBUG_CHEFTEAM_VC10_X86\QSCENETEXTUREBATCH.OBJ
C:\CHEFTEAM\BUILD_TEMP\DEBUG_CHEFTEAM_VC10_X86\QSPRITE.OBJ
C:\CHEFTEAM\BUILD_TEMP\DEBUG_CHEFTEAM_VC10_X86\QSYSTEM.OBJ
C:\CHEFTEAM\BUILD_TEMP\DEBUG_CHEFTEAM_VC10_X86\QTILEDMAP.OBJ
C:\CHEFTEAM\BUILD_TEMP\DEBUG_CHEFTEAM_VC10_X86\QTWEEN.OBJ
C:\CHEFTEAM\BUILD_TEMP\DEBUG_CHEFTEAM_VC10_X86\QUATERNION.OBJ
C:\CHEFTEAM\BUILD_TEMP\DEBUG_CHEFTEAM_VC10_X86\QUICK_TOLUA.OBJ
C:\CHEFTEAM\BUILD_TEMP\DEBUG_CHEFTEAM_VC10_X86\QUICKUSER_TOLUA.OBJ
C:\CHEFTEAM\BUILD_TEMP\DEBUG_CHEFTEAM_VC10_X86\QVEC2.OBJ
C:\CHEFTEAM\BUILD_TEMP\DEBUG_CHEFTEAM_VC10_X86\QVECTOR.OBJ
C:\CHEFTEAM\BUILD_TEMP\DEBUG_CHEFTEAM_VC10_X86\QVIDEO.OBJ
C:\CHEFTEAM\BUILD_TEMP\DEBUG_CHEFTEAM_VC10_X86\QWEBVIEW.OBJ
C:\CHEFTEAM\BUILD_TEMP\DEBUG_CHEFTEAM_VC10_X86\RASTER.OBJ
C:\CHEFTEAM\BUILD_TEMP\DEBUG_CHEFTEAM_VC10_X86\RAY2.OBJ
C:\CHEFTEAM\BUILD_TEMP\DEBUG_CHEFTEAM_VC10_X86\S3EANDROIDMARKETBILLING_INTERFACE.OBJ
C:\CHEFTEAM\BUILD_TEMP\DEBUG_CHEFTEAM_VC10_X86\S3EBBAPPWORLDBILLING_INTERFACE.OBJ
C:\CHEFTEAM\BUILD_TEMP\DEBUG_CHEFTEAM_VC10_X86\S3EFACEBOOK_INTERFACE.OBJ
C:\CHEFTEAM\BUILD_TEMP\DEBUG_CHEFTEAM_VC10_X86\S3EFLURRY_INTERFACE.OBJ
C:\CHEFTEAM\BUILD_TEMP\DEBUG_CHEFTEAM_VC10_X86\S3EIOSAPPSTOREBILLING_INTERFACE.OBJ
C:\CHEFTEAM\BUILD_TEMP\DEBUG_CHEFTEAM_VC10_X86\S3EWEBVIEW_INTERFACE.OBJ
C:\CHEFTEAM\BUILD_TEMP\DEBUG_CHEFTEAM_VC10_X86\S3EWINDOWSPHONESTOREBILLING_INTERFACE.OBJ
C:\CHEFTEAM\BUILD_TEMP\DEBUG_CHEFTEAM_VC10_X86\SAX.OBJ
C:\CHEFTEAM\BUILD_TEMP\DEBUG_CHEFTEAM_VC10_X86\SAX2.OBJ
C:\CHEFTEAM\BUILD_TEMP\DEBUG_CHEFTEAM_VC10_X86\SCHEMATRON.OBJ
C:\CHEFTEAM\BUILD_TEMP\DEBUG_CHEFTEAM_VC10_X86\SELECT_LUASOCKET.OBJ
C:\CHEFTEAM\BUILD_TEMP\DEBUG_CHEFTEAM_VC10_X86\SFNT.OBJ
C:\CHEFTEAM\BUILD_TEMP\DEBUG_CHEFTEAM_VC10_X86\SIMPLEAUDIOENGINE.OBJ
C:\CHEFTEAM\BUILD_TEMP\DEBUG_CHEFTEAM_VC10_X86\SMOOTH.OBJ
C:\CHEFTEAM\BUILD_TEMP\DEBUG_CHEFTEAM_VC10_X86\SQLITE3.OBJ
C:\CHEFTEAM\BUILD_TEMP\DEBUG_CHEFTEAM_VC10_X86\TCP_LUASOCKET.OBJ
C:\CHEFTEAM\BUILD_TEMP\DEBUG_CHEFTEAM_VC10_X86\TGALIB.OBJ
C:\CHEFTEAM\BUILD_TEMP\DEBUG_CHEFTEAM_VC10_X86\THREADS.OBJ
C:\CHEFTEAM\BUILD_TEMP\DEBUG_CHEFTEAM_VC10_X86\TIF_AUX.OBJ
C:\CHEFTEAM\BUILD_TEMP\DEBUG_CHEFTEAM_VC10_X86\TIF_CLOSE.OBJ
C:\CHEFTEAM\BUILD_TEMP\DEBUG_CHEFTEAM_VC10_X86\TIF_CODEC.OBJ
C:\CHEFTEAM\BUILD_TEMP\DEBUG_CHEFTEAM_VC10_X86\TIF_COLOR.OBJ
C:\CHEFTEAM\BUILD_TEMP\DEBUG_CHEFTEAM_VC10_X86\TIF_COMPRESS.OBJ
C:\CHEFTEAM\BUILD_TEMP\DEBUG_CHEFTEAM_VC10_X86\TIF_DIR.OBJ
C:\CHEFTEAM\BUILD_TEMP\DEBUG_CHEFTEAM_VC10_X86\TIF_DIRINFO.OBJ
C:\CHEFTEAM\BUILD_TEMP\DEBUG_CHEFTEAM_VC10_X86\TIF_DIRREAD.OBJ
C:\CHEFTEAM\BUILD_TEMP\DEBUG_CHEFTEAM_VC10_X86\TIF_DIRWRITE.OBJ
C:\CHEFTEAM\BUILD_TEMP\DEBUG_CHEFTEAM_VC10_X86\TIF_DUMPMODE.OBJ
C:\CHEFTEAM\BUILD_TEMP\DEBUG_CHEFTEAM_VC10_X86\TIF_ERROR.OBJ
C:\CHEFTEAM\BUILD_TEMP\DEBUG_CHEFTEAM_VC10_X86\TIF_EXTENSION.OBJ
C:\CHEFTEAM\BUILD_TEMP\DEBUG_CHEFTEAM_VC10_X86\TIF_FAX3.OBJ
C:\CHEFTEAM\BUILD_TEMP\DEBUG_CHEFTEAM_VC10_X86\TIF_FAX3SM.OBJ
C:\CHEFTEAM\BUILD_TEMP\DEBUG_CHEFTEAM_VC10_X86\TIF_FLUSH.OBJ
C:\CHEFTEAM\BUILD_TEMP\DEBUG_CHEFTEAM_VC10_X86\TIF_GETIMAGE.OBJ
C:\CHEFTEAM\BUILD_TEMP\DEBUG_CHEFTEAM_VC10_X86\TIF_JBIG.OBJ
C:\CHEFTEAM\BUILD_TEMP\DEBUG_CHEFTEAM_VC10_X86\TIF_JPEG.OBJ
C:\CHEFTEAM\BUILD_TEMP\DEBUG_CHEFTEAM_VC10_X86\TIF_LUV.OBJ
C:\CHEFTEAM\BUILD_TEMP\DEBUG_CHEFTEAM_VC10_X86\TIF_LZW.OBJ
C:\CHEFTEAM\BUILD_TEMP\DEBUG_CHEFTEAM_VC10_X86\TIF_NEXT.OBJ
C:\CHEFTEAM\BUILD_TEMP\DEBUG_CHEFTEAM_VC10_X86\TIF_OJPEG.OBJ
C:\CHEFTEAM\BUILD_TEMP\DEBUG_CHEFTEAM_VC10_X86\TIF_OPEN.OBJ
C:\CHEFTEAM\BUILD_TEMP\DEBUG_CHEFTEAM_VC10_X86\TIF_PACKBITS.OBJ
C:\CHEFTEAM\BUILD_TEMP\DEBUG_CHEFTEAM_VC10_X86\TIF_PIXARLOG.OBJ
C:\CHEFTEAM\BUILD_TEMP\DEBUG_CHEFTEAM_VC10_X86\TIF_PREDICT.OBJ
C:\CHEFTEAM\BUILD_TEMP\DEBUG_CHEFTEAM_VC10_X86\TIF_PRINT.OBJ
C:\CHEFTEAM\BUILD_TEMP\DEBUG_CHEFTEAM_VC10_X86\TIF_READ.OBJ
C:\CHEFTEAM\BUILD_TEMP\DEBUG_CHEFTEAM_VC10_X86\TIF_STRIP.OBJ
C:\CHEFTEAM\BUILD_TEMP\DEBUG_CHEFTEAM_VC10_X86\TIF_SWAB.OBJ
C:\CHEFTEAM\BUILD_TEMP\DEBUG_CHEFTEAM_VC10_X86\TIF_THUNDER.OBJ
C:\CHEFTEAM\BUILD_TEMP\DEBUG_CHEFTEAM_VC10_X86\TIF_TILE.OBJ
C:\CHEFTEAM\BUILD_TEMP\DEBUG_CHEFTEAM_VC10_X86\TIF_UNIX.OBJ
C:\CHEFTEAM\BUILD_TEMP\DEBUG_CHEFTEAM_VC10_X86\TIF_VERSION.OBJ
C:\CHEFTEAM\BUILD_TEMP\DEBUG_CHEFTEAM_VC10_X86\TIF_WARNING.OBJ
C:\CHEFTEAM\BUILD_TEMP\DEBUG_CHEFTEAM_VC10_X86\TIF_WRITE.OBJ
C:\CHEFTEAM\BUILD_TEMP\DEBUG_CHEFTEAM_VC10_X86\TIF_ZIP.OBJ
C:\CHEFTEAM\BUILD_TEMP\DEBUG_CHEFTEAM_VC10_X86\TIMEOUT.OBJ
C:\CHEFTEAM\BUILD_TEMP\DEBUG_CHEFTEAM_VC10_X86\TOLUA_EVENT.OBJ
C:\CHEFTEAM\BUILD_TEMP\DEBUG_CHEFTEAM_VC10_X86\TOLUA_IS.OBJ
C:\CHEFTEAM\BUILD_TEMP\DEBUG_CHEFTEAM_VC10_X86\TOLUA_MAP.OBJ
C:\CHEFTEAM\BUILD_TEMP\DEBUG_CHEFTEAM_VC10_X86\TOLUA_PUSH.OBJ
C:\CHEFTEAM\BUILD_TEMP\DEBUG_CHEFTEAM_VC10_X86\TOLUA_TO.OBJ
C:\CHEFTEAM\BUILD_TEMP\DEBUG_CHEFTEAM_VC10_X86\TRANSFORMUTILS.OBJ
C:\CHEFTEAM\BUILD_TEMP\DEBUG_CHEFTEAM_VC10_X86\TREE.OBJ
C:\CHEFTEAM\BUILD_TEMP\DEBUG_CHEFTEAM_VC10_X86\TRUETYPE.OBJ
C:\CHEFTEAM\BUILD_TEMP\DEBUG_CHEFTEAM_VC10_X86\TYPE1.OBJ
C:\CHEFTEAM\BUILD_TEMP\DEBUG_CHEFTEAM_VC10_X86\TYPE1CID.OBJ
C:\CHEFTEAM\BUILD_TEMP\DEBUG_CHEFTEAM_VC10_X86\TYPE42.OBJ
C:\CHEFTEAM\BUILD_TEMP\DEBUG_CHEFTEAM_VC10_X86\UDP.OBJ
C:\CHEFTEAM\BUILD_TEMP\DEBUG_CHEFTEAM_VC10_X86\UNZIP.OBJ
C:\CHEFTEAM\BUILD_TEMP\DEBUG_CHEFTEAM_VC10_X86\URI.OBJ
C:\CHEFTEAM\BUILD_TEMP\DEBUG_CHEFTEAM_VC10_X86\UTILITY.OBJ
C:\CHEFTEAM\BUILD_TEMP\DEBUG_CHEFTEAM_VC10_X86\VALID.OBJ
c:\ChefTeam\build_temp\Debug_ChefTeam_vc10_x86\vc100.idb
C:\CHEFTEAM\BUILD_TEMP\DEBUG_CHEFTEAM_VC10_X86\VC100.PDB
C:\CHEFTEAM\BUILD_TEMP\DEBUG_CHEFTEAM_VC10_X86\VEC2.OBJ
C:\CHEFTEAM\BUILD_TEMP\DEBUG_CHEFTEAM_VC10_X86\VEC3.OBJ
C:\CHEFTEAM\BUILD_TEMP\DEBUG_CHEFTEAM_VC10_X86\VEC4.OBJ
C:\CHEFTEAM\BUILD_TEMP\DEBUG_CHEFTEAM_VC10_X86\WINFNT.OBJ
C:\CHEFTEAM\BUILD_TEMP\DEBUG_CHEFTEAM_VC10_X86\WSOCKET.OBJ
C:\CHEFTEAM\BUILD_TEMP\DEBUG_CHEFTEAM_VC10_X86\XINCLUDE.OBJ
C:\CHEFTEAM\BUILD_TEMP\DEBUG_CHEFTEAM_VC10_X86\XLINK.OBJ
C:\CHEFTEAM\BUILD_TEMP\DEBUG_CHEFTEAM_VC10_X86\XMLIO.OBJ
C:\CHEFTEAM\BUILD_TEMP\DEBUG_CHEFTEAM_VC10_X86\XMLMEMORY.OBJ
C:\CHEFTEAM\BUILD_TEMP\DEBUG_CHEFTEAM_VC10_X86\XMLMODULE.OBJ
C:\CHEFTEAM\BUILD_TEMP\DEBUG_CHEFTEAM_VC10_X86\XMLREADER.OBJ
C:\CHEFTEAM\BUILD_TEMP\DEBUG_CHEFTEAM_VC10_X86\XMLREGEXP.OBJ
C:\CHEFTEAM\BUILD_TEMP\DEBUG_CHEFTEAM_VC10_X86\XMLSAVE.OBJ
C:\CHEFTEAM\BUILD_TEMP\DEBUG_CHEFTEAM_VC10_X86\XMLSCHEMAS.OBJ
C:\CHEFTEAM\BUILD_TEMP\DEBUG_CHEFTEAM_VC10_X86\XMLSCHEMASTYPES.OBJ
C:\CHEFTEAM\BUILD_TEMP\DEBUG_CHEFTEAM_VC10_X86\XMLSTRING.OBJ
C:\CHEFTEAM\BUILD_TEMP\DEBUG_CHEFTEAM_VC10_X86\XMLUNICODE.OBJ
C:\CHEFTEAM\BUILD_TEMP\DEBUG_CHEFTEAM_VC10_X86\XMLWRITER.OBJ
C:\CHEFTEAM\BUILD_TEMP\DEBUG_CHEFTEAM_VC10_X86\XPATH.OBJ
C:\CHEFTEAM\BUILD_TEMP\DEBUG_CHEFTEAM_VC10_X86\XPOINTER.OBJ
C:\CHEFTEAM\BUILD_TEMP\DEBUG_CHEFTEAM_VC10_X86\ZIPUTILS.OBJ
Debug_ChefTeam_vc10_x86\ChefTeam.ilk
Debug_ChefTeam_vc10_x86\ChefTeam.pdb
